<?xml version="1.0" encoding="utf-8" standalone="no"?>
<!--This file represents the results of running a test suite-->
<test-results name="D:\git\Spring_NET_Ado\Data.Test\bin\Debug\Data.Test.dll" total="6" errors="0" failures="0" not-run="0" inconclusive="0" ignored="0" skipped="0" invalid="0" date="2014-12-04" time="17:03:19">
  <environment nunit-version="2.6.3.13283" clr-version="2.0.50727.5483" os-version="Microsoft Windows NT 6.1.7601 Service Pack 1" platform="Win32NT" cwd="C:\Program Files (x86)\NUnit 2.6.3\bin" machine-name="P20200047" user="p20200047" user-domain="ICASH" />
  <culture-info current-culture="zh-TW" current-uiculture="zh-TW" />
  <test-suite type="Assembly" name="D:\git\Spring_NET_Ado\Data.Test\bin\Debug\Data.Test.dll" executed="True" result="Success" success="True" time="5.197" asserts="0">
    <results>
      <test-suite type="Namespace" name="Data" executed="True" result="Success" success="True" time="5.179" asserts="0">
        <results>
          <test-suite type="Namespace" name="Test" executed="True" result="Success" success="True" time="5.179" asserts="0">
            <results>
              <test-suite type="Namespace" name="Data" executed="True" result="Success" success="True" time="5.178" asserts="0">
                <results>
                  <test-suite type="TestFixture" name="TestCustomerDAO" executed="True" result="Success" success="True" time="5.176" asserts="0">
                    <results>
                      <test-case name="Data.Test.Data.TestCustomerDAO.TestDelete" executed="True" result="Success" success="True" time="4.216" asserts="1" />
                      <test-case name="Data.Test.Data.TestCustomerDAO.TestExist" executed="True" result="Success" success="True" time="0.025" asserts="6" />
                      <test-case name="Data.Test.Data.TestCustomerDAO.TestFindAll" executed="True" result="Success" success="True" time="0.226" asserts="4" />
                      <test-case name="Data.Test.Data.TestCustomerDAO.TestFindByPk" executed="True" result="Success" success="True" time="0.045" asserts="1" />
                      <test-case name="Data.Test.Data.TestCustomerDAO.TestInsert" executed="True" result="Success" success="True" time="0.014" asserts="3" />
                      <test-case name="Data.Test.Data.TestCustomerDAO.TestUpdate" executed="True" result="Success" success="True" time="0.069" asserts="1" />
                    </results>
                  </test-suite>
                </results>
              </test-suite>
            </results>
          </test-suite>
        </results>
      </test-suite>
    </results>
  </test-suite>
</test-results>